Thu Jul 16 17:52:41 EDT 1992

 Cray Research FPP  Version 5.0 (3.03P8) 07/16/92  17:52:49               
 cft77-1  cf77: CFT77 VERSION 5.0.3.1  (445488) 06/30/92 06:34:12
 cft77-2  cf77: COMPILE TIME   14.079 SECONDS
 cft77-6  cf77: MAXIMUM FIELD LENGTH   658913 DECIMAL WORDS
 cft77-3  cf77: 2709 SOURCE LINES
 cft77-4  cf77: 0 ERROR, 0 WARNING, 0 CAUTION, 0 COMMENT, 0 NOTE, 0 ANSI
 cft77-5  cf77: CODE: 6472 WORDS, DATA: 5161 WORDS
 SEGLDR version 6.0 - 05/07/92  (Chg-01/21/91  Level-0)
 ldr-283 segldr: SUMMARY 
     Errors encountered: 0 fatal, 0 warning, 0 caution, 0 note, 0 comment.
     
     
1          Refractive Index:  Real  1.5000E+00  Imag  0.0000E+00,   Size Parameter = 1.0000E+01

    cos(angle)  ------- S1 ---------  ------- S2 ---------  --- S1*conjg(S2) ---   i1=S1**2   i2=S2**2  (i1+i2)/2  DEG POLZN
   1  1.000000  7.205E+01  4.167E+00  7.205E+01  4.167E+00  5.209E+03  3.638E-12  5.209E+03  5.209E+03  5.209E+03  0.000E+00
   2  0.984808  5.024E+01  7.041E+00  4.562E+01  6.340E+00  2.337E+03  2.713E+00  2.574E+03  2.122E+03  2.348E+03 -9.633E-02
   3  0.939693  1.319E+01  4.316E+00  9.856E+00  3.038E+00  1.432E+02  2.453E+00  1.927E+02  1.064E+02  1.495E+02 -2.887E-01
   4  0.866025 -2.780E+00 -8.309E+00  2.471E+00 -8.411E+00  6.302E+01 -4.391E+01  7.677E+01  7.684E+01  7.681E+01  4.833E-04
   5  0.766044 -2.539E+00 -8.863E+00 -2.628E+00 -8.123E+00  7.867E+01  2.670E+00  8.501E+01  7.289E+01  7.895E+01 -7.672E-02
   6  0.642788 -1.584E+00  4.927E+00 -7.652E+00  4.286E+00  3.324E+01 -3.091E+01  2.679E+01  7.692E+01  5.185E+01  4.834E-01
   7  0.500000 -2.060E-01  5.888E+00  3.093E+00  4.902E+00  2.823E+01  1.922E+01  3.471E+01  3.360E+01  3.416E+01 -1.632E-02
   8  0.342020  8.994E-01 -4.564E+00  5.611E+00 -3.304E+00  2.012E+01 -2.264E+01  2.164E+01  4.240E+01  3.202E+01  3.242E-01
   9  0.173648 -3.194E-01 -3.095E+00 -5.203E+00 -1.442E+00  6.124E+00  1.564E+01  9.680E+00  2.915E+01  1.942E+01  5.014E-01
  10  0.000000  7.851E-02  3.069E+00 -1.873E+00  2.328E+00  6.996E+00 -5.931E+00  9.422E+00  8.928E+00  9.175E+00 -2.691E-02
  11 -0.173648  1.593E+00  9.230E-01  4.821E+00 -8.735E-01  6.874E+00  5.842E+00  3.390E+00  2.401E+01  1.370E+01  7.525E-01
  12 -0.342020 -3.332E-01 -4.138E-01 -1.943E+00 -1.246E+00  1.163E+00  3.886E-01  2.823E-01  5.327E+00  2.804E+00  8.993E-01
  13 -0.500000 -2.497E+00  5.436E-01 -1.388E+00  5.836E-01  3.783E+00  7.023E-01  6.529E+00  2.268E+00  4.398E+00 -4.844E-01
  14 -0.642788 -5.370E-01 -6.318E-01  4.687E+00 -3.384E-01 -2.303E+00 -3.143E+00  6.875E-01  2.209E+01  1.139E+01  9.396E-01
  15 -0.766044  1.583E+00  7.721E-02 -2.771E+00  1.823E+00 -4.246E+00 -3.100E+00  2.512E+00  1.100E+01  6.757E+00  6.282E-01
  16 -0.866025  4.884E-01 -1.868E+00 -3.817E+00  3.691E+00 -8.759E+00  5.328E+00  3.728E+00  2.819E+01  1.596E+01  7.664E-01
  17 -0.939693 -5.399E-02 -6.658E+00  8.416E+00 -1.132E+00  7.079E+00 -5.609E+01  4.433E+01  7.210E+01  5.822E+01  2.385E-01
  18 -0.984808  2.466E+00 -1.601E+00  4.953E+00 -4.919E+00  2.009E+01  4.201E+00  8.645E+00  4.873E+01  2.869E+01  6.986E-01
  19 -1.000000  4.322E+00  4.868E+00 -4.322E+00 -4.868E+00 -4.238E+01  5.343E-12  4.238E+01  4.238E+01  4.238E+01 -4.292E-14

  Angle         S-sub-1                 T-sub-1                 T-sub-2
   0.00   7.205E+01   4.167E+00  -1.879E+02  -2.651E+01   2.600E+02   3.067E+01
 180.00   4.322E+00   4.868E+00   3.393E+02  -3.012E+02   3.436E+02  -2.963E+02

 Efficiency Factors,  extinction: 2.8820E+00   scattering: 2.8820E+00   absorption: 0.0000E+00   rad. pressure: 7.4092E-01

 Normalized moments of :
+                                 M1           M2          S21          D21
      Moment no.   0
+                         9.7935E-01
+                                                   8.5891E-01
      Moment no.   1
+                         8.1503E-01
+                                                   7.6300E-01
      Moment no.   2
+                         7.3375E-01
+                                                   6.4762E-01
      Moment no.   3
+                         6.1230E-01
+                                                   5.6686E-01
      Moment no.   4
+                         5.7705E-01
+                                                   5.2202E-01
      Moment no.   5
+                         5.1088E-01
+                                                   4.6650E-01
      Moment no.   6
+                         4.6973E-01
+                                                   4.4026E-01
      Moment no.   7
+                         4.1366E-01
+                                                   3.9096E-01
      Moment no.   8
+                         3.6187E-01
+                                                   3.5087E-01
      Moment no.   9
+                         3.2101E-01
+                                                   3.0603E-01
      Moment no.  10
+                         2.6261E-01
+                                                   2.6088E-01


1          Refractive Index:  Real  1.5000E+00  Imag  0.0000E+00,   Size Parameter = 1.0000E+02

    cos(angle)  ------- S1 ---------  ------- S2 ---------  --- S1*conjg(S2) ---   i1=S1**2   i2=S2**2  (i1+i2)/2  DEG POLZN
   1  1.000000  5.236E+03 -3.680E+02  5.236E+03 -3.680E+02  2.755E+07  3.338E-06  2.755E+07  2.755E+07  2.755E+07 -6.707E-14
   2  0.984808 -2.393E+02  2.948E+01 -2.380E+02  5.128E+01  5.845E+04  5.254E+03  5.812E+04  5.927E+04  5.869E+04  9.799E-03
   3  0.939693 -1.055E+02  9.793E+01 -1.172E+02  7.737E+01  1.993E+04 -3.313E+03  2.071E+04  1.971E+04  2.021E+04 -2.476E-02
   4  0.866025  9.693E+01 -8.601E+01  8.319E+01 -9.028E+01  1.583E+04  1.595E+03  1.679E+04  1.507E+04  1.593E+04 -5.402E-02
   5  0.766044  2.506E+01 -8.511E+01  4.485E+01 -8.633E+01  8.471E+03 -1.654E+03  7.871E+03  9.463E+03  8.667E+03  9.188E-02
   6  0.642788 -4.065E+01  3.568E+00 -6.020E+01 -2.858E+01  2.345E+03 -1.376E+03  1.665E+03  4.440E+03  3.053E+03  4.545E-01
   7  0.500000  2.917E+01 -6.131E+00  4.938E+01  3.589E+00  1.419E+03 -4.075E+02  8.888E+02  2.452E+03  1.670E+03  4.679E-01
   8  0.342020 -4.538E+00  1.527E+01 -3.557E+01  2.006E+01  4.678E+02 -4.524E+02  2.539E+02  1.668E+03  9.608E+02  7.357E-01
   9  0.173648 -6.546E+00  4.651E+00 -1.669E+01 -2.111E+01  1.108E+01 -2.159E+02  6.449E+01  7.244E+02  3.945E+02  8.365E-01
  10  0.000000  2.249E+01  3.965E-01  1.623E+01 -1.552E+01  3.590E+02  3.556E+02  5.062E+02  5.046E+02  5.054E+02 -1.592E-03
  11 -0.173648  6.997E+00  1.253E+01  6.583E+00 -3.732E+00 -6.982E-01  1.086E+02  2.060E+02  5.727E+01  1.316E+02 -5.649E-01
  12 -0.342020  1.004E+00 -9.034E+00 -2.516E+00  1.338E+01 -1.234E+02  9.295E+00  8.262E+01  1.852E+02  1.339E+02  3.830E-01
  13 -0.500000 -3.928E+00  7.725E+00  1.646E+00  1.550E+00  5.505E+00  1.880E+01  7.510E+01  5.111E+00  4.010E+01 -8.726E-01
  14 -0.642788 -7.820E+00 -4.337E+00  5.280E+00  1.509E+01 -1.067E+02  9.512E+01  7.996E+01  2.557E+02  1.678E+02  5.235E-01
  15 -0.766044 -6.321E+00 -1.111E+01  3.436E+00  1.766E+01 -2.179E+02  7.345E+01  1.634E+02  3.237E+02  2.435E+02  3.292E-01
  16 -0.866025 -8.941E+00 -2.986E+00  1.427E+01  8.925E+00 -1.542E+02  3.719E+01  8.886E+01  2.833E+02  1.861E+02  5.225E-01
  17 -0.939693 -4.200E+01 -6.950E+01  2.042E+01 -7.435E+00 -3.406E+02 -1.731E+03  6.594E+03  4.721E+02  3.533E+03 -8.664E-01
  18 -0.984808  1.574E+00  1.960E+01  6.863E+01 -1.883E+01 -2.611E+02  1.375E+03  3.866E+02  5.065E+03  2.726E+03  8.582E-01
  19 -1.000000  4.077E+01  5.175E+01 -4.077E+01 -5.175E+01 -4.340E+03  1.470E-07  4.340E+03  4.340E+03  4.340E+03 -1.559E-11

  Angle         S-sub-1                 T-sub-1                 T-sub-2
   0.00   5.236E+03  -3.680E+02  -1.164E+05  -1.623E+05   1.216E+05   1.619E+05
 180.00   4.077E+01   5.175E+01   6.808E+05  -1.403E+05   6.809E+05  -1.403E+05

 Efficiency Factors,  extinction: 2.0944E+00   scattering: 2.0944E+00   absorption: 0.0000E+00   rad. pressure: 3.8066E-01

 Normalized moments of :
+                                 M1           M2          S21          D21
      Moment no.   0
+                                      1.0011E+00
+                                                               -5.7470E-03
      Moment no.   1
+                                      8.3765E-01
+                                                               -1.3938E-02
      Moment no.   2
+                                      7.2100E-01
+                                                               -6.8589E-03
      Moment no.   3
+                                      5.7865E-01
+                                                               -1.2893E-02
      Moment no.   4
+                                      5.4092E-01
+                                                               -8.3227E-03
      Moment no.   5
+                                      4.9668E-01
+                                                               -1.0547E-02
      Moment no.   6
+                                      5.0157E-01
+                                                               -1.0036E-02
      Moment no.   7
+                                      4.8219E-01
+                                                               -8.7212E-03
      Moment no.   8
+                                      4.8406E-01
+                                                               -7.6904E-03
      Moment no.   9
+                                      4.7071E-01
+                                                               -5.0681E-03
      Moment no.  10
+                                      4.7203E-01
+                                                               -6.7707E-03


1          Refractive Index:  Real  1.5000E+00  Imag  0.0000E+00,   Size Parameter = 1.0000E+03

    cos(angle)  ------- S1 ---------  ------- S2 ---------  --- S1*conjg(S2) ---   i1=S1**2   i2=S2**2  (i1+i2)/2  DEG POLZN
   1  1.000000  5.035E+05 -8.362E+03  5.035E+05 -8.362E+03  2.536E+11  3.259E-01  2.536E+11  2.536E+11  2.536E+11 -1.926E-15
   2  0.984808  8.260E+02  5.624E+02  8.436E+02  2.390E+02  8.312E+05  2.770E+05  9.985E+05  7.688E+05  8.837E+05 -1.300E-01
   3  0.939693 -6.508E+01 -1.111E+03 -1.541E+02 -1.209E+03  1.353E+06  9.251E+04  1.238E+06  1.485E+06  1.362E+06  9.089E-02
   4  0.866025  7.630E+02 -6.196E+02  7.103E+02 -7.792E+02  1.025E+06  1.545E+05  9.660E+05  1.112E+06  1.039E+06  7.009E-02
   5  0.766044 -3.092E+00 -9.388E+02  1.788E+02 -9.025E+02  8.467E+05 -1.706E+05  8.813E+05  8.464E+05  8.639E+05 -2.020E-02
   6  0.642788  4.718E+01 -3.603E+02  1.058E+02 -6.248E+02  2.301E+05 -8.652E+03  1.320E+05  4.015E+05  2.668E+05  5.051E-01
   7  0.500000  1.676E+02 -5.051E+02 -2.630E+01 -5.310E+02  2.638E+05  1.023E+05  2.832E+05  2.827E+05  2.829E+05 -9.646E-04
   8  0.342020 -2.326E+02  3.389E+02 -2.696E+02  2.819E+02  1.583E+05 -2.581E+04  1.690E+05  1.522E+05  1.606E+05 -5.230E-02
   9  0.173648 -7.308E+01  2.742E+02  1.359E+02  2.429E+02  5.666E+04  5.502E+04  8.051E+04  7.748E+04  7.900E+04 -1.922E-02
  10  0.000000  4.258E+00 -1.566E+02 -1.576E+02 -1.749E+01  2.067E+03  2.475E+04  2.453E+04  2.516E+04  2.484E+04  1.270E-02
  11 -0.173648 -1.197E+02 -7.360E+01  3.606E+01  1.417E+01 -5.361E+03 -9.577E+02  1.976E+04  1.501E+03  1.063E+04 -8.588E-01
  12 -0.342020 -1.573E+02 -8.995E+01  7.870E+01 -2.170E+01 -1.043E+04 -1.049E+04  3.283E+04  6.664E+03  1.975E+04 -6.625E-01
  13 -0.500000 -5.046E+01  4.603E+01  9.574E+01 -2.154E+01 -5.822E+03  3.320E+03  4.664E+03  9.630E+03  7.147E+03  3.474E-01
  14 -0.642788 -5.455E-01  1.106E+02 -2.145E+00 -8.248E+01 -9.121E+03 -2.822E+02  1.223E+04  6.807E+03  9.520E+03 -2.850E-01
  15 -0.766044  4.722E+01 -4.511E+01 -7.985E+01  5.190E+01 -6.112E+03  1.151E+03  4.265E+03  9.070E+03  6.667E+03  3.604E-01
  16 -0.866025 -4.108E+01  1.704E+02 -5.209E+01 -9.438E+01 -1.394E+04 -1.275E+04  3.073E+04  1.162E+04  2.117E+04 -4.512E-01
  17 -0.939693  4.350E+02  1.829E+02  9.280E+01 -4.316E+02 -3.857E+04  2.047E+05  2.227E+05  1.949E+05  2.088E+05 -6.660E-02
  18 -0.984808  4.832E+02 -6.967E+02  1.938E+02  1.712E+02 -2.564E+04 -2.177E+05  7.189E+05  6.684E+04  3.929E+05 -8.299E-01
  19 -1.000000  5.652E+02  1.502E+03 -5.652E+02 -1.502E+03 -2.576E+06  3.413E-05  2.576E+06  2.576E+06  2.576E+06 -3.849E-09

  Angle         S-sub-1                 T-sub-1                 T-sub-2
   0.00   5.035E+05  -8.362E+03  -5.082E+06  -2.067E+08   5.585E+06   2.067E+08
 180.00   5.652E+02   1.502E+03   7.032E+08   1.824E+09   7.032E+08   1.824E+09

 Efficiency Factors,  extinction: 2.0139E+00   scattering: 2.0139E+00   absorption: 0.0000E+00   rad. pressure: 3.4664E-01

 Normalized moments of :
+                                 M1           M2          S21          D21
      Moment no.   0
+                         1.0000E+00
+                                      1.0000E+00
+                                                   9.2645E-01
+                                                                2.0877E-03
      Moment no.   1
+                         7.9979E-01
+                                      8.5597E-01
+                                                   8.5368E-01
+                                                               -6.2475E-04
      Moment no.   2
+                         7.5181E-01
+                                      7.3731E-01
+                                                   7.2382E-01
+                                                               -1.6506E-05
      Moment no.   3
+                         5.9139E-01
+                                      5.9428E-01
+                                                   6.1421E-01
+                                                               -1.1951E-03
      Moment no.   4
+                         5.8410E-01
+                                      5.5266E-01
+                                                   5.5310E-01
+                                                               -2.4621E-04
      Moment no.   5
+                         5.1211E-01
+                                      5.1091E-01
+                                                   5.2112E-01
+                                                               -9.8241E-04
      Moment no.   6
+                         5.2141E-01
+                                      5.1859E-01
+                                                   5.1483E-01
+                                                               -7.2483E-04
      Moment no.   7
+                         5.0478E-01
+                                      4.9916E-01
+                                                   5.0277E-01
+                                                               -8.1128E-04
      Moment no.   8
+                         5.0277E-01
+                                      5.0605E-01
+                                                   5.0605E-01
+                                                               -5.3215E-04
      Moment no.   9
+                         5.0727E-01
+                                      4.9579E-01
+                                                   4.9638E-01
+                                                               -3.7700E-04
      Moment no.  10
+                         4.9064E-01
+                                      5.0130E-01
+                                                   5.0217E-01
+                                                               -4.3432E-04


1          Refractive Index:  Real  1.5000E+00  Imag  0.0000E+00,   Size Parameter = 5.0000E+03

    cos(angle)  ------- S1 ---------  ------- S2 ---------  --- S1*conjg(S2) ---   i1=S1**2   i2=S2**2  (i1+i2)/2  DEG POLZN
   1  1.000000  1.255E+07 -6.723E+04  1.255E+07 -6.723E+04  1.576E+14  1.356E+03  1.576E+14  1.576E+14  1.576E+14  1.021E-11
   2  0.984808  4.334E+03 -1.225E+03  5.035E+03  5.961E+02  2.109E+07 -8.751E+06  2.028E+07  2.570E+07  2.299E+07  1.179E-01
   3  0.939693 -4.354E+03  2.563E+03 -4.857E+03  1.844E+03  2.587E+07 -4.424E+06  2.552E+07  2.699E+07  2.626E+07  2.793E-02
   4  0.866025  8.370E+02  3.292E+03  1.465E+03  4.181E+03  1.499E+07  1.322E+06  1.154E+07  1.963E+07  1.558E+07  2.597E-01
   5  0.766044  4.877E+03  2.123E+02  4.789E+03 -2.770E+02  2.330E+07  2.368E+06  2.383E+07  2.301E+07  2.342E+07 -1.751E-02
   6  0.642788  1.507E+03 -8.338E+02  2.632E+03 -1.891E+03  5.543E+06  6.550E+05  2.967E+06  1.050E+07  6.734E+06  5.594E-01
   7  0.500000 -1.505E+03 -2.173E+03 -8.046E+02 -2.559E+03  6.772E+06 -2.104E+06  6.987E+06  7.197E+06  7.092E+06  1.484E-02
   8  0.342020  3.094E+02 -1.702E+03  1.312E+03 -1.225E+03  2.490E+06 -1.853E+06  2.991E+06  3.220E+06  3.106E+06  3.681E-02
   9  0.173648  1.100E+03 -1.183E+03  1.331E+03  3.230E+01  1.425E+06 -1.611E+06  2.609E+06  1.773E+06  2.191E+06 -1.909E-01
  10  0.000000  7.628E+02  4.668E+02  3.846E+02 -4.332E+02  9.110E+04  5.100E+05  7.998E+05  3.356E+05  5.677E+05 -4.089E-01
  11 -0.173648  5.976E+02 -2.653E+02 -2.320E+02  3.474E+01 -1.479E+05  4.079E+04  4.275E+05  5.504E+04  2.413E+05 -7.719E-01
  12 -0.342020 -3.091E+01 -1.004E+02  5.010E+02 -1.549E+02  6.299E+01 -5.509E+04  1.104E+04  2.750E+05  1.430E+05  9.228E-01
  13 -0.500000  5.260E+02  8.981E+01 -4.220E+02 -2.100E+02 -2.408E+05  7.256E+04  2.847E+05  2.222E+05  2.535E+05 -1.234E-01
  14 -0.642788  3.508E+02  5.043E+02 -2.031E+02 -3.574E+02 -2.515E+05  2.294E+04  3.774E+05  1.689E+05  2.732E+05 -3.815E-01
  15 -0.766044 -5.532E+01  4.604E+02  2.058E+02 -3.366E+02 -1.664E+05  7.615E+04  2.150E+05  1.557E+05  1.854E+05 -1.602E-01
  16 -0.866025  6.404E+02  2.348E+02 -2.799E+02 -3.089E+01 -1.865E+05 -4.596E+04  4.653E+05  7.932E+04  2.723E+05 -7.087E-01
  17 -0.939693 -2.384E+03  4.253E+03 -6.834E+02 -1.372E+03 -4.206E+06 -6.178E+06  2.377E+07  2.349E+06  1.306E+07 -8.202E-01
  18 -0.984808  2.978E+02  1.771E+03 -2.277E+03  8.084E+02  7.534E+05 -4.273E+06  3.225E+06  5.837E+06  4.531E+06  2.883E-01
  19 -1.000000 -1.456E+04 -5.072E+03  1.456E+04  5.072E+03 -2.378E+08 -3.748E+00  2.378E+08  2.378E+08  2.378E+08 -1.153E-07

  Angle         S-sub-1                 T-sub-1                 T-sub-2
   0.00   1.255E+07  -6.723E+04   3.601E+10  -3.041E+10  -3.599E+10   3.041E+10
 180.00  -1.456E+04  -5.072E+03  -4.483E+11  -2.280E+11  -4.483E+11  -2.280E+11

 Efficiency Factors,  extinction: 2.0086E+00   scattering: 2.0086E+00   absorption: 0.0000E+00   rad. pressure: 3.4229E-01
 
 
1          Refractive Index:  Real  1.5000E+00  Imag -1.0000E-01,   Size Parameter = 1.0000E+01

    cos(angle)  ------- S1 ---------  ------- S2 ---------  --- S1*conjg(S2) ---   i1=S1**2   i2=S2**2  (i1+i2)/2  DEG POLZN
   1  1.000000  6.149E+01 -3.178E+00  6.149E+01 -3.178E+00  3.792E+03  1.728E-11  3.792E+03  3.792E+03  3.792E+03  0.000E+00
   2  0.984808  3.775E+01  9.367E-01  3.745E+01 -2.073E+00  1.412E+03  1.133E+02  1.426E+03  1.407E+03  1.416E+03 -6.798E-03
   3  0.939693  1.814E+00  4.101E+00  2.159E+00  2.804E-01  5.066E+00  8.346E+00  2.011E+01  4.742E+00  1.242E+01 -6.183E-01
   4  0.866025 -5.790E+00 -1.219E+00 -4.428E+00  1.322E-01  2.547E+01  6.164E+00  3.501E+01  1.962E+01  2.732E+01 -2.817E-01
   5  0.766044  1.154E+00 -4.075E+00  7.404E-01 -1.849E+00  8.389E+00 -8.832E-01  1.794E+01  3.967E+00  1.095E+01 -6.378E-01
   6  0.642788  1.667E+00  1.212E+00 -3.099E-01 -2.699E-01 -8.439E-01  7.441E-02  4.249E+00  1.689E-01  2.209E+00 -9.235E-01
   7  0.500000 -6.938E-01  3.150E+00 -2.818E-02  1.593E+00  5.036E+00  1.016E+00  1.040E+01  2.538E+00  6.469E+00 -6.077E-01
   8  0.342020 -1.136E+00 -1.179E+00  1.256E+00 -2.412E-01 -1.142E+00 -1.755E+00  2.682E+00  1.635E+00  2.158E+00 -2.426E-01
   9  0.173648 -2.732E-01 -2.197E+00 -8.304E-01 -6.297E-01  1.610E+00  1.652E+00  4.903E+00  1.086E+00  2.994E+00 -6.373E-01
  10  0.000000  1.351E+00  4.172E-01 -1.023E+00  7.913E-01 -1.051E+00 -1.496E+00  1.999E+00  1.672E+00  1.836E+00 -8.928E-02
  11 -0.173648  1.171E+00  1.182E+00  6.581E-01 -3.512E-01  3.559E-01  1.189E+00  2.768E+00  5.564E-01  1.662E+00 -6.653E-01
  12 -0.342020 -8.570E-01  8.217E-01  1.781E-01 -1.273E+00 -1.198E+00 -9.444E-01  1.410E+00  1.652E+00  1.531E+00  7.904E-02
  13 -0.500000 -1.453E+00  3.162E-01  2.551E-01  2.354E-01 -2.961E-01  4.226E-01  2.210E+00  1.205E-01  1.165E+00 -8.966E-01
  14 -0.642788 -6.303E-01 -8.249E-01  1.281E+00  8.771E-01 -1.531E+00 -5.036E-01  1.078E+00  2.409E+00  1.744E+00  3.819E-01
  15 -0.766044 -1.548E-01 -1.129E+00  5.670E-02  5.426E-01 -6.213E-01  2.000E-02  1.299E+00  2.976E-01  7.981E-01 -6.271E-01
  16 -0.866025  2.059E-01 -8.893E-01 -9.194E-01  9.947E-01 -1.074E+00  6.128E-01  8.333E-01  1.835E+00  1.334E+00  3.753E-01
  17 -0.939693  8.124E-01 -1.101E+00  7.098E-02  1.041E+00 -1.088E+00 -9.239E-01  1.871E+00  1.089E+00  1.480E+00 -2.643E-01
  18 -0.984808  1.311E+00 -4.692E-01 -3.997E-01  1.872E-01 -6.120E-01 -5.788E-02  1.940E+00  1.948E-01  1.067E+00 -8.175E-01
  19 -1.000000  1.493E+00  2.964E-01 -1.493E+00 -2.964E-01 -2.318E+00  8.527E-14  2.318E+00  2.318E+00  2.318E+00 -1.624E-13

  Angle         S-sub-1                 T-sub-1                 T-sub-2
   0.00   6.149E+01  -3.178E+00   1.295E+01  -1.366E+02   4.854E+01   1.335E+02
 180.00   1.493E+00   2.964E-01   4.188E+01  -1.558E+01   4.338E+01  -1.528E+01

 Efficiency Factors,  extinction: 2.4598E+00   scattering: 1.2351E+00   absorption: 1.2246E+00   rad. pressure: 1.3206E+00

 Normalized moments of :
+                                 R1           R2           R3           R4
      Moment no.   0
+                         7.3578E+00
+                                                  -5.9262E+00
      Moment no.   1
+                         5.9488E+00
+                                                  -7.0385E+00
      Moment no.   2
+                         6.8663E+00
+                                                  -5.5069E+00
      Moment no.   3
+                         5.3475E+00
+                                                  -6.2761E+00
      Moment no.   4
+                         5.9511E+00
+                                                  -4.7010E+00
      Moment no.   5
+                         4.4454E+00
+                                                  -5.1893E+00
      Moment no.   6
+                         4.7777E+00
+                                                  -3.7110E+00
      Moment no.   7
+                         3.4041E+00
+                                                  -3.9684E+00
      Moment no.   8
+                         3.5335E+00
+                                                  -2.6887E+00
      Moment no.   9
+                         2.3798E+00
+                                                  -2.7782E+00
      Moment no.  10
+                         2.3776E+00
+                                                  -1.7573E+00


1          Refractive Index:  Real  1.5000E+00  Imag -1.0000E-01,   Size Parameter = 1.0000E+02

    cos(angle)  ------- S1 ---------  ------- S2 ---------  --- S1*conjg(S2) ---   i1=S1**2   i2=S2**2  (i1+i2)/2  DEG POLZN
   1  1.000000  5.225E+03 -2.617E+02  5.225E+03 -2.617E+02  2.736E+07  2.600E-06  2.736E+07  2.736E+07  2.736E+07 -6.535E-15
   2  0.984808 -1.164E+02  2.388E+01 -1.074E+02  1.958E+01  1.297E+04 -2.841E+02  1.412E+04  1.191E+04  1.302E+04 -8.478E-02
   3  0.939693  2.288E+00  4.240E+01 -1.309E+00  2.514E+01  1.063E+03 -1.130E+02  1.803E+03  6.338E+02  1.218E+03 -4.798E-01
   4  0.866025  3.368E+01 -1.055E+01  1.775E+01 -6.528E+00  6.668E+02  3.259E+01  1.246E+03  3.578E+02  8.017E+02 -5.537E-01
   5  0.766044 -2.133E+01 -1.897E+01 -7.137E+00 -8.122E+00  3.063E+02 -3.786E+01  8.147E+02  1.169E+02  4.658E+02 -7.490E-01
   6  0.642788  1.019E+01  2.228E+01  1.963E+00  5.559E+00  1.438E+02 -1.291E+01  6.000E+02  3.475E+01  3.174E+02 -8.905E-01
   7  0.500000 -1.291E+01 -1.702E+01 -6.128E-01 -2.073E+00  4.319E+01 -1.633E+01  4.562E+02  4.672E+00  2.305E+02 -9.797E-01
   8  0.342020  1.892E+01 -1.349E+00 -6.693E-01  7.495E-01 -1.367E+01 -1.328E+01  3.598E+02  1.010E+00  1.804E+02 -9.944E-01
   9  0.173648  6.152E+00  1.586E+01 -1.614E+00 -2.535E+00 -5.013E+01 -9.997E+00  2.894E+02  9.030E+00  1.492E+02 -9.395E-01
  10  0.000000  1.192E+00  1.537E+01 -8.509E-01 -4.663E+00 -7.270E+01 -7.521E+00  2.378E+02  2.247E+01  1.301E+02 -8.273E-01
  11 -0.173648  1.072E+01  9.203E+00 -4.895E+00 -3.690E+00 -8.641E+01 -5.500E+00  1.995E+02  3.757E+01  1.186E+02 -6.831E-01
  12 -0.342020  4.248E+00 -1.237E+01 -2.064E+00  6.932E+00 -9.452E+01 -3.910E+00  1.711E+02  5.231E+01  1.117E+02 -5.316E-01
  13 -0.500000 -3.341E+00  1.177E+01  2.001E+00 -7.859E+00 -9.920E+01 -2.703E+00  1.497E+02  6.576E+01  1.077E+02 -3.897E-01
  14 -0.642788 -1.029E+01 -5.296E+00  7.889E+00  3.890E+00 -1.017E+02 -1.775E+00  1.338E+02  7.737E+01  1.056E+02 -2.673E-01
  15 -0.766044 -7.156E+00 -8.421E+00  6.112E+00  7.041E+00 -1.030E+02 -1.083E+00  1.221E+02  8.692E+01  1.045E+02 -1.684E-01
  16 -0.866025 -1.051E+01  1.829E+00  9.560E+00 -1.720E+00 -1.036E+02 -5.860E-01  1.137E+02  9.435E+01  1.040E+02 -9.319E-02
  17 -0.939693  9.313E+00  4.624E+00 -8.951E+00 -4.417E+00 -1.038E+02 -2.535E-01  1.081E+02  9.963E+01  1.039E+02 -4.088E-02
  18 -0.984808 -9.416E+00  4.029E+00  9.319E+00 -3.994E+00 -1.038E+02 -6.229E-02  1.049E+02  1.028E+02  1.038E+02 -1.014E-02
  19 -1.000000 -9.550E+00 -3.556E+00  9.550E+00  3.556E+00 -1.038E+02 -5.571E-11  1.038E+02  1.038E+02  1.038E+02  1.217E-12

  Angle         S-sub-1                 T-sub-1                 T-sub-2
   0.00   5.225E+03  -2.617E+02  -1.355E+04  -1.393E+05   1.877E+04   1.391E+05
 180.00  -9.550E+00  -3.556E+00   1.699E+00   4.054E-01  -7.851E+00  -3.150E+00

 Efficiency Factors,  extinction: 2.0898E+00   scattering: 1.1321E+00   absorption: 9.5769E-01   rad. pressure: 1.0139E+00

 Normalized moments of :
+                                 R1           R2           R3           R4
      Moment no.   0
+                                      8.9111E+02
+                                                                2.4690E+01
      Moment no.   1
+                                      8.9074E+02
+                                                                2.4689E+01
      Moment no.   2
+                                      8.9012E+02
+                                                                2.4681E+01
      Moment no.   3
+                                      8.8927E+02
+                                                                2.4669E+01
      Moment no.   4
+                                      8.8817E+02
+                                                                2.4652E+01
      Moment no.   5
+                                      8.8685E+02
+                                                                2.4630E+01
      Moment no.   6
+                                      8.8530E+02
+                                                                2.4604E+01
      Moment no.   7
+                                      8.8352E+02
+                                                                2.4573E+01
      Moment no.   8
+                                      8.8152E+02
+                                                                2.4537E+01
      Moment no.   9
+                                      8.7931E+02
+                                                                2.4498E+01
      Moment no.  10
+                                      8.7688E+02
+                                                                2.4454E+01


1          Refractive Index:  Real  1.5000E+00  Imag -1.0000E-01,   Size Parameter = 1.0000E+03

    cos(angle)  ------- S1 ---------  ------- S2 ---------  --- S1*conjg(S2) ---   i1=S1**2   i2=S2**2  (i1+i2)/2  DEG POLZN
   1  1.000000  5.049E+05 -7.215E+03  5.049E+05 -7.215E+03  2.550E+11  2.205E-01  2.550E+11  2.550E+11  2.550E+11 -7.468E-14
   2  0.984808 -5.325E+02  1.798E+02 -4.507E+02  1.479E+02  2.666E+05 -2.274E+03  3.159E+05  2.250E+05  2.704E+05 -1.681E-01
   3  0.939693  3.765E+02  1.622E+01  2.477E+02  2.260E+01  9.364E+04 -4.490E+03  1.420E+05  6.188E+04  1.020E+05 -3.931E-01
   4  0.866025  2.299E+02  2.219E+02  1.098E+02  1.232E+02  5.258E+04 -3.966E+03  1.021E+05  2.723E+04  6.467E+04 -5.789E-01
   5  0.766044 -2.177E+02 -1.705E+02 -7.383E+01 -7.342E+01  2.859E+04 -3.392E+03  7.646E+04  1.084E+04  4.365E+04 -7.517E-01
   6  0.642788 -1.450E+01  2.411E+02 -1.482E+01  5.609E+01  1.374E+04 -2.761E+03  5.836E+04  3.366E+03  3.086E+04 -8.909E-01
   7  0.500000  1.634E+02 -1.364E+02  2.251E+01 -5.568E+00  4.437E+03 -2.161E+03  4.531E+04  5.376E+02  2.292E+04 -9.765E-01
   8  0.342020 -6.720E+01  1.770E+02 -5.530E+00 -9.951E+00 -1.389E+03 -1.647E+03  3.583E+04  1.296E+02  1.798E+04 -9.928E-01
   9  0.173648 -8.825E+01  1.453E+02  9.157E+00 -2.902E+01 -5.023E+03 -1.231E+03  2.889E+04  9.258E+02  1.491E+04 -9.379E-01
  10  0.000000  5.586E+01 -1.437E+02 -1.163E+01  4.607E+01 -7.269E+03 -9.025E+02  2.376E+04  2.258E+03  1.301E+04 -8.265E-01
  11 -0.173648 -1.284E+02 -5.880E+01  5.751E+01  2.127E+01 -8.637E+03 -6.491E+02  1.995E+04  3.759E+03  1.186E+04 -6.829E-01
  12 -0.342020 -1.288E+02  2.285E+01  7.054E+01 -1.606E+01 -9.451E+03 -4.560E+02  1.711E+04  5.233E+03  1.117E+04 -5.315E-01
  13 -0.500000 -9.502E+01  7.710E+01  6.134E+01 -5.304E+01 -9.918E+03 -3.103E+02  1.497E+04  6.576E+03  1.078E+04 -3.897E-01
  14 -0.642788  2.655E+01  1.126E+02 -2.188E+01 -8.519E+01 -1.017E+04 -2.017E+02  1.338E+04  7.737E+03  1.056E+04 -2.674E-01
  15 -0.766044  5.883E+01 -9.354E+01 -4.870E+01  7.950E+01 -1.030E+04 -1.222E+02  1.221E+04  8.692E+03  1.045E+04 -1.684E-01
  16 -0.866025  3.973E+01  9.897E+01 -3.675E+01 -8.991E+01 -1.036E+04 -6.583E+01  1.137E+04  9.434E+03  1.040E+04 -9.322E-02
  17 -0.939693  3.258E+01  9.875E+01 -3.153E+01 -9.470E+01 -1.038E+04 -2.837E+01  1.081E+04  9.963E+03  1.039E+04 -4.089E-02
  18 -0.984808  4.575E+01 -9.163E+01 -4.523E+01  9.074E+01 -1.038E+04 -6.961E+00  1.049E+04  1.028E+04  1.038E+04 -1.014E-02
  19 -1.000000  9.946E+01  2.217E+01 -9.946E+01 -2.217E+01 -1.038E+04  4.121E-08  1.038E+04  1.038E+04  1.038E+04 -1.194E-11

  Angle         S-sub-1                 T-sub-1                 T-sub-2
   0.00   5.049E+05  -7.215E+03  -1.623E+07  -1.400E+08   1.674E+07   1.400E+08
 180.00   9.946E+01   2.217E+01  -2.199E+01   2.849E+00   7.747E+01   2.502E+01

 Efficiency Factors,  extinction: 2.0197E+00   scattering: 1.1069E+00   absorption: 9.1277E-01   rad. pressure: 9.6714E-01

 Normalized moments of :
+                                 R1           R2           R3           R4
      Moment no.   0
+                         9.4814E+04
+                                      9.4874E+04
+                                                  -9.4844E+04
+                                                                2.5304E+02
      Moment no.   1
+                         9.4814E+04
+                                      9.4874E+04
+                                                  -9.4843E+04
+                                                                2.5305E+02
      Moment no.   2
+                         9.4813E+04
+                                      9.4873E+04
+                                                  -9.4843E+04
+                                                                2.5305E+02
      Moment no.   3
+                         9.4812E+04
+                                      9.4872E+04
+                                                  -9.4842E+04
+                                                                2.5305E+02
      Moment no.   4
+                         9.4811E+04
+                                      9.4871E+04
+                                                  -9.4841E+04
+                                                                2.5305E+02
      Moment no.   5
+                         9.4810E+04
+                                      9.4869E+04
+                                                  -9.4839E+04
+                                                                2.5305E+02
      Moment no.   6
+                         9.4808E+04
+                                      9.4868E+04
+                                                  -9.4837E+04
+                                                                2.5305E+02
      Moment no.   7
+                         9.4806E+04
+                                      9.4865E+04
+                                                  -9.4835E+04
+                                                                2.5305E+02
      Moment no.   8
+                         9.4804E+04
+                                      9.4863E+04
+                                                  -9.4833E+04
+                                                                2.5304E+02
      Moment no.   9
+                         9.4801E+04
+                                      9.4861E+04
+                                                  -9.4830E+04
+                                                                2.5304E+02
      Moment no.  10
+                         9.4798E+04
+                                      9.4858E+04
+                                                  -9.4828E+04
+                                                                2.5304E+02


1          Refractive Index:  Real  1.5000E+00  Imag -1.0000E-01,   Size Parameter = 5.0000E+03

    cos(angle)  ------- S1 ---------  ------- S2 ---------  --- S1*conjg(S2) ---   i1=S1**2   i2=S2**2  (i1+i2)/2  DEG POLZN
   1  1.000000  1.254E+07 -6.665E+04  1.254E+07 -6.665E+04  1.573E+14  7.800E+02  1.573E+14  1.573E+14  1.573E+14 -5.530E-13
   2  0.984808 -2.090E+03  7.985E+02 -1.723E+03  6.208E+02  4.096E+06 -7.844E+04  5.005E+06  3.354E+06  4.179E+06 -1.975E-01
   3  0.939693  1.416E+03  1.187E+03  8.990E+02  8.302E+02  2.258E+06 -1.087E+05  3.413E+06  1.497E+06  2.455E+06 -3.902E-01
   4  0.866025 -8.188E+02 -1.365E+03 -3.658E+02 -7.366E+02  1.305E+06 -1.037E+05  2.535E+06  6.763E+05  1.606E+06 -5.788E-01
   5  0.766044  1.208E+03  6.709E+02  4.206E+02  3.069E+02  7.140E+05 -8.851E+04  1.909E+06  2.711E+05  1.090E+06 -7.513E-01
   6  0.642788 -7.371E+02  9.567E+02 -2.203E+02  1.893E+02  3.435E+05 -7.129E+04  1.459E+06  8.437E+04  7.715E+05 -8.906E-01
   7  0.500000 -1.062E+03 -6.256E+01 -1.010E+02 -5.811E+01  1.110E+05 -5.542E+04  1.133E+06  1.359E+04  5.732E+05 -9.763E-01
   8  0.342020 -7.363E+02 -5.946E+02  5.644E+01 -1.154E+01 -3.469E+04 -4.206E+04  8.958E+05  3.318E+03  4.496E+05 -9.926E-01
   9  0.173648  5.102E+01 -8.483E+02  2.792E+01  1.497E+02 -1.256E+05 -3.132E+04  7.222E+05  2.318E+04  3.727E+05 -9.378E-01
  10  0.000000  5.438E+02  5.462E+02 -1.874E+02 -1.461E+02 -1.817E+05 -2.291E+04  5.941E+05  5.646E+04  3.253E+05 -8.264E-01
  11 -0.173648  6.321E+02 -3.151E+02 -2.632E+02  1.572E+02 -2.159E+05 -1.645E+04  4.988E+05  9.400E+04  2.964E+05 -6.829E-01
  12 -0.342020 -6.204E+02  2.068E+02  3.372E+02 -1.310E+02 -2.363E+05 -1.154E+04  4.277E+05  1.308E+05  2.792E+05 -5.315E-01
  13 -0.500000  5.828E+02  1.864E+02 -3.899E+02 -1.112E+02 -2.480E+05 -7.846E+03  3.744E+05  1.644E+05  2.694E+05 -3.897E-01
  14 -0.642788  3.099E+02  4.884E+02 -2.430E+02 -3.665E+02 -2.543E+05 -5.096E+03  3.346E+05  1.934E+05  2.640E+05 -2.674E-01
  15 -0.766044 -1.478E+02  5.324E+02  1.193E+02 -4.506E+02 -2.576E+05 -3.086E+03  3.053E+05  2.173E+05  2.613E+05 -1.684E-01
  16 -0.866025  5.129E+02  1.460E+02 -4.679E+02 -1.300E+02 -2.590E+05 -1.662E+03  2.844E+05  2.359E+05  2.601E+05 -9.322E-02
  17 -0.939693  4.293E+02  2.933E+02 -4.128E+02 -2.804E+02 -2.595E+05 -7.159E+02  2.703E+05  2.491E+05  2.597E+05 -4.090E-02
  18 -0.984808  1.019E+02  5.018E+02 -1.012E+02 -4.967E+02 -2.596E+05 -1.756E+02  2.622E+05  2.570E+05  2.596E+05 -1.014E-02
  19 -1.000000 -7.778E+01  5.035E+02  7.778E+01 -5.035E+02 -2.596E+05  1.341E-05  2.596E+05  2.596E+05  2.596E+05  3.242E-12

  Angle         S-sub-1                 T-sub-1                 T-sub-2
   0.00   1.254E+07  -6.665E+04  -2.071E+09  -1.752E+10   2.084E+09   1.752E+10
 180.00  -7.778E+01   5.035E+02  -8.489E+02   1.536E+03  -9.266E+02   2.040E+03

 Efficiency Factors,  extinction: 2.0068E+00   scattering: 1.0992E+00   absorption: 9.0758E-01   rad. pressure: 9.6183E-01
 
 STOP  (called by TSTMIV )
 CP: 0.187s,  Wallclock: 0.193s,  24.1% of 4-CPU Machine
